<?xml version="1.0" encoding="UTF-8"?>
<!-- Generated by org.testng.reporters.JUnitReportReporter -->
<testsuite hostname="DESKTOP-HL0MH4G" failures="0" tests="1" name="com.crmOrganisationTest.CreateOraganisationwithIndustriesUsingPomTest" time="85.684" errors="0" timestamp="2021-11-04T09:34:50 IST" skipped="0">
  <testcase classname="com.crmOrganisationTest.CreateOraganisationwithIndustriesUsingPomTest" name="createOrganizationWithIndus" time="85.684"/>
  <system-out/>
</testsuite> <!-- com.crmOrganisationTest.CreateOraganisationwithIndustriesUsingPomTest -->
