<?xml version="1.0" encoding="UTF-8"?>
<!-- Generated by org.testng.reporters.JUnitReportReporter -->
<testsuite hostname="DESKTOP-HL0MH4G" failures="0" tests="1" name="demo.GoogleTest" time="37.115" errors="0" timestamp="2021-11-05T23:18:49 IST" skipped="0">
  <testcase classname="demo.GoogleTest" name="test" time="37.115"/>
  <system-out/>
</testsuite> <!-- demo.GoogleTest -->
