<?xml version="1.0" encoding="UTF-8"?>
<!-- Generated by org.testng.reporters.JUnitReportReporter -->
<testsuite hostname="DESKTOP-HL0MH4G" failures="0" tests="1" name="com.crmOrganisationTest.CreateOranizationUsingPomTest" time="50.154" errors="0" timestamp="2021-11-01T22:09:17 IST" skipped="0">
  <testcase classname="com.crmOrganisationTest.CreateOranizationUsingPomTest" name="createOrganization" time="50.154"/>
  <system-out/>
</testsuite> <!-- com.crmOrganisationTest.CreateOranizationUsingPomTest -->
