<?xml version="1.0" encoding="UTF-8"?>
<!-- Generated by org.testng.reporters.JUnitReportReporter -->
<testsuite hostname="DESKTOP-HL0MH4G" failures="0" tests="1" name="com.crmcontactTest.demo" time="54.666" errors="0" timestamp="2021-12-02T21:47:57 IST" skipped="0">
  <testcase classname="com.crmcontactTest.demo" name="sampleTest" time="54.666"/>
  <system-out/>
</testsuite> <!-- com.crmcontactTest.demo -->
