<?xml version="1.0" encoding="UTF-8"?>
<!-- Generated by org.testng.reporters.JUnitReportReporter -->
<testsuite hostname="DESKTOP-HL0MH4G" failures="0" tests="1" name="com.crmcontactTest.createOranizationWithContact" time="109.955" errors="0" timestamp="2021-10-30T14:40:33 IST" skipped="0">
  <testcase classname="com.crmcontactTest.createOranizationWithContact" name="createcontacttest" time="109.955"/>
  <system-out/>
</testsuite> <!-- com.crmcontactTest.createOranizationWithContact -->
