<?xml version="1.0" encoding="UTF-8"?>
<!-- Generated by org.testng.reporters.JUnitReportReporter -->
<testsuite hostname="DESKTOP-HL0MH4G" failures="0" tests="1" name="com.crmOrganisationTest.CreateOraganizationWithIndustries" time="53.874" errors="0" timestamp="2021-11-01T22:34:57 IST" skipped="0">
  <testcase classname="com.crmOrganisationTest.CreateOraganizationWithIndustries" name="createIndustries" time="53.874"/>
  <system-out/>
</testsuite> <!-- com.crmOrganisationTest.CreateOraganizationWithIndustries -->
