<?xml version="1.0" encoding="UTF-8"?>
<!-- Generated by org.testng.reporters.JUnitReportReporter -->
<testsuite hostname="DESKTOP-HL0MH4G" failures="0" tests="1" name="com.crmcontactTest.createcontactTest" time="89.616" errors="0" timestamp="2021-11-04T22:30:35 IST" skipped="0">
  <testcase classname="com.crmcontactTest.createcontactTest" name="createcontacttest" time="89.616"/>
  <system-out/>
</testsuite> <!-- com.crmcontactTest.createcontactTest -->
